[debug] [2024-01-10T04:10:15.132Z] ----------------------------------------------------------------------
[debug] [2024-01-10T04:10:15.138Z] Command:       C:\Program Files\nodejs\node.exe C:\Users\LENOVO\AppData\Roaming\npm\node_modules\firebase-tools\lib\bin\firebase.js init
[debug] [2024-01-10T04:10:15.139Z] CLI Version:   12.5.2
[debug] [2024-01-10T04:10:15.140Z] Platform:      win32
[debug] [2024-01-10T04:10:15.140Z] Node Version:  v18.16.0
[debug] [2024-01-10T04:10:15.142Z] Time:          Wed Jan 10 2024 09:10:15 GMT+0500 (Pakistan Standard Time)
[debug] [2024-01-10T04:10:15.143Z] ----------------------------------------------------------------------
[debug] 
[debug] [2024-01-10T04:10:15.473Z] > command requires scopes: ["email","openid","https://www.googleapis.com/auth/cloudplatformprojects.readonly","https://www.googleapis.com/auth/firebase","https://www.googleapis.com/auth/cloud-platform"]
[debug] [2024-01-10T04:10:15.477Z] > authorizing via signed-in user (ahmedaanasif@gmail.com)
[info] 
     ######## #### ########  ######## ########     ###     ######  ########
     ##        ##  ##     ## ##       ##     ##  ##   ##  ##       ##
     ######    ##  ########  ######   ########  #########  ######  ######
     ##        ##  ##    ##  ##       ##     ## ##     ##       ## ##
     ##       #### ##     ## ######## ########  ##     ##  ######  ########

You're about to initialize a Firebase project in this directory:

  C:\Users\LENOVO\Desktop\Projects\revised_portfolio\new_portfolio

Before we get started, keep in mind:

  * You are initializing within an existing Firebase project directory

